Arguments: 
  /Users/aksharbhagat/.nvm/versions/node/v12.16.3/bin/node /usr/local/Cellar/yarn/1.22.10/libexec/bin/yarn.js start

PATH: 
  /Users/aksharbhagat/.nvm/versions/node/v12.16.3/bin:/usr/local/bin:/usr/bin:/bin:/usr/sbin:/sbin

Yarn version: 
  1.22.10

Node version: 
  12.16.3

Platform: 
  darwin x64

Trace: 
  SyntaxError: /Users/aksharbhagat/todoapp/package.json: Unexpected token { in JSON at position 571
      at JSON.parse (<anonymous>)
      at /usr/local/Cellar/yarn/1.22.10/libexec/lib/cli.js:1625:59
      at Generator.next (<anonymous>)
      at step (/usr/local/Cellar/yarn/1.22.10/libexec/lib/cli.js:310:30)
      at /usr/local/Cellar/yarn/1.22.10/libexec/lib/cli.js:321:13

npm manifest: 
  {
    "name": "fullstack-typescript-node",
    "version": "1.0.0",
    "description": "",
    "main": "app.js",
    "scripts": {
      "build": "tsc",
      "start": "concurrently \"tsc -w\" \"nodemon dist/js/app.js\""
    },
    "keywords": [],
    "author": "",
    "license": "ISC",
    "dependencies": {
      "cors": "^2.8.5",
      "express": "^4.17.1",
      "mongoose": "^5.9.20"
    },
    "devDependencies": {
      "@types/cors": "^2.8.6",
      "@types/express": "^4.17.6",
      "@types/mongoose": "^5.7.29",
      "@types/node": "^14.0.14",
      "concurrently": "^5.2.0",
      "nodemon": "^2.0.4"
    }
  {
    "name": "fullstack-typescript-node",
    "version": "1.0.0",
    "description": "",
    "main": "app.js",
    "scripts": {
      "build": "tsc",
      "start": "concurrently \"tsc -w\" \"nodemon dist/js/app.js\""
    },
    "keywords": [],
    "author": "",
    "license": "ISC",
    "dependencies": {
      "cors": "^2.8.5",
      "express": "^4.17.1",
      "mongoose": "^5.9.20"
    },
    "devDependencies": {
      "@types/cors": "^2.8.6",
      "@types/express": "^4.17.6",
      "@types/mongoose": "^5.7.29",
      "@types/node": "^14.0.14",
      "concurrently": "^5.2.0",
      "nodemon": "^2.0.4"
    }
  }

yarn manifest: 
  No manifest

Lockfile: 
  No lockfile
